This file contains any messages produced by compilers while
running configure, to aid debugging if configure makes a mistake.

It was created by auctex configure 11.83, which was
generated by GNU Autoconf 2.59.  Invocation command line was

  $ ./configure --prefix=/usr/ --infodir=/usr/share/info/ --with-emacs=emacs-snapshot --no-create --no-recursion

## --------- ##
## Platform. ##
## --------- ##

hostname = dino
uname -m = i686
uname -r = 2.6.17-dgms
uname -s = Linux
uname -v = #1 SMP Fri Sep 8 18:23:27 CEST 2006

/usr/bin/uname -p = unknown
/bin/uname -X     = unknown

/bin/arch              = i686
/usr/bin/arch -k       = unknown
/usr/convex/getsysinfo = unknown
hostinfo               = unknown
/bin/machine           = unknown
/usr/bin/oslevel       = unknown
/bin/universe          = unknown

PATH: /home/salve/bin
PATH: /usr/local/bin
PATH: /usr/bin
PATH: /bin
PATH: /usr/bin/X11
PATH: /usr/games


## ----------- ##
## Core tests. ##
## ----------- ##

configure:1287: checking for make
configure:1303: found /usr/bin/make
configure:1313: result: make
configure:1330: checking whether make sets $(MAKE)
configure:1350: result: yes
configure:1397: checking for a BSD-compatible install
configure:1452: result: /usr/bin/install -c
configure:1465: checking for date in ChangeLog
configure:1474: result: 2006-06-07
configure:1476: checking for release in ChangeLog
configure:1485: result: 11.83
configure:1540: checking for emacs-snapshot
configure:1558: found /usr/bin/emacs-snapshot
configure:1570: result: /usr/bin/emacs-snapshot
configure:1587: checking if /usr/bin/emacs-snapshot is XEmacs
/usr/bin/emacs-snapshot -batch -no-site-file -eval (let* ((x (if (featurep (quote xemacs)) "yes" "no"))) (write-region (if (stringp x) x (prin1-to-string x)) nil "./conftest-22120"))
Wrote /home/salve/+wd/debian/+auctex/auctex/conftest-22120
=> no
configure:1609: result: no
configure:1613: checking for Emacs prefix
/usr/bin/emacs-snapshot -batch -no-site-file -eval (let* ((cmd(pop command-line-args-left))(x (condition-case nil (let*
    ((prefix (directory-file-name (file-name-directory (executable-find cmd))))
     (parent (directory-file-name (file-name-directory prefix))))
    (if (string= (file-name-nondirectory prefix) "bin")
        (setq prefix parent)
      (if (string= (file-name-nondirectory parent) "bin")
         (setq prefix (directory-file-name (file-name-directory parent)))))
    prefix) (error NONE)))) (write-region (if (stringp x) x (prin1-to-string x)) nil "./conftest-22120")) /usr/bin/emacs-snapshot
Wrote /home/salve/+wd/debian/+auctex/auctex/conftest-22120
=> /usr
configure:1632: result: "/usr"
configure:1664: checking if Emacs is recent enough
/usr/bin/emacs-snapshot -batch -no-site-file -eval (let* ((x (cond ((< emacs-major-version 21) "no")
			 ((> emacs-major-version 21) "yes")
			 ((< emacs-minor-version 01) "no")
			 (t "yes")))) (write-region (if (stringp x) x (prin1-to-string x)) nil "./conftest-22120"))
Wrote /home/salve/+wd/debian/+auctex/auctex/conftest-22120
=> yes
configure:1678: result: yes
configure:1690: checking for mule support
/usr/bin/emacs-snapshot -batch -eval (let* ((x (condition-case nil (require 'mule ) 	(error (prog1 nil (message "mule not found")))))) (write-region (if (stringp x) x (prin1-to-string x)) nil "./conftest-22120"))
Loading 00debian-vars...
Loading /etc/emacs-snapshot/site-start.d/20gnus-init.el (source)...
Loading /etc/emacs/site-start.d/50a2ps.el (source)...
Loading a2ps-print...
Loading /etc/emacs-snapshot/site-start.d/50auctex.el (source)...
Loading /usr/share/emacs/22.0.93/site-lisp/auctex.el (source)...
Loading /usr/share/emacs/22.0.93/site-lisp/preview-latex.el (source)...
Loading /etc/emacs/site-start.d/50bbdb.el (source)...
Loading /etc/emacs/site-start.d/50css-mode.el (source)...
Loading /etc/emacs/site-start.d/50dictionaries-common.el (source)...
Skipping dictionaries-common setup for emacs-snapshot
Loading /etc/emacs/site-start.d/50dictionary-el.el (source)...
Loading dictionary-init...
Loading /etc/emacs/site-start.d/50dpkg-dev-el.el (source)...
Loading /etc/emacs/site-start.d/50emacs-goodies-el.el (source)...
Loading /etc/emacs/site-start.d/50emacs-intl-fonts.el (source)...
Loading /etc/emacs/site-start.d/50emacs-wiki.el (source)...
Loading /etc/emacs/site-start.d/50emms.el (source)...
Loading /etc/emacs/site-start.d/50festival.el (source)...
Loading /etc/emacs/site-start.d/50gettext.el (source)...
Loading /etc/emacs/site-start.d/50gnuplot-mode.el (source)...
Loading /etc/emacs/site-start.d/50html-helper-mode.el (source)...
Loading /etc/emacs/site-start.d/50lua-mode.el (source)...
Loading lua-mode...
Loading /etc/emacs-snapshot/site-start.d/50mailcrypt.el (source)...
Loading /etc/emacs/site-start.d/50midge.el (source)...
Loading /etc/emacs/site-start.d/50muse-el.el (source)...
Loading /usr/share/emacs-snapshot/site-lisp/muse-el/muse-autoloads.el (source)...
Loading /etc/emacs/site-start.d/50php-elisp.el (source)...
Loading /etc/emacs-snapshot/site-start.d/50psgml-init.el (source)...
Loading /etc/emacs/site-start.d/50pymacs.el (source)...
Loading /etc/emacs/site-start.d/50python-mode.el (source)...
Loading /etc/emacs-snapshot/site-start.d/50tdtd.el (source)...
Loading /etc/emacs/site-start.d/50xtla.el (source)...
Loading /etc/emacs/site-start.d/51debian-el.el (source)...
Loading /etc/emacs/site-start.d/51planner-el.el (source)...
Loading /usr/share/emacs-snapshot/site-lisp/planner-el/planner-autoloads.el (source)...
Loading /etc/emacs/site-start.d/52remember-el.el (source)...
Loading /usr/share/emacs/site-lisp/remember-el/remember-autoloads.el (source)...
Wrote /home/salve/+wd/debian/+auctex/auctex/conftest-22120
=> mule
configure:1724: result: yes
configure:1766: checking if build directory is valid
/usr/bin/emacs-snapshot -batch -eval (let* ((x (if (or (member (directory-file-name default-directory) load-path)	      (member (file-name-as-directory default-directory) load-path))	 "no" "yes"))) (write-region (if (stringp x) x (prin1-to-string x)) nil "./conftest-22120"))
Loading 00debian-vars...
Loading /etc/emacs-snapshot/site-start.d/20gnus-init.el (source)...
Loading /etc/emacs/site-start.d/50a2ps.el (source)...
Loading a2ps-print...
Loading /etc/emacs-snapshot/site-start.d/50auctex.el (source)...
Loading /usr/share/emacs/22.0.93/site-lisp/auctex.el (source)...
Loading /usr/share/emacs/22.0.93/site-lisp/preview-latex.el (source)...
Loading /etc/emacs/site-start.d/50bbdb.el (source)...
Loading /etc/emacs/site-start.d/50css-mode.el (source)...
Loading /etc/emacs/site-start.d/50dictionaries-common.el (source)...
Skipping dictionaries-common setup for emacs-snapshot
Loading /etc/emacs/site-start.d/50dictionary-el.el (source)...
Loading dictionary-init...
Loading /etc/emacs/site-start.d/50dpkg-dev-el.el (source)...
Loading /etc/emacs/site-start.d/50emacs-goodies-el.el (source)...
Loading /etc/emacs/site-start.d/50emacs-intl-fonts.el (source)...
Loading /etc/emacs/site-start.d/50emacs-wiki.el (source)...
Loading /etc/emacs/site-start.d/50emms.el (source)...
Loading /etc/emacs/site-start.d/50festival.el (source)...
Loading /etc/emacs/site-start.d/50gettext.el (source)...
Loading /etc/emacs/site-start.d/50gnuplot-mode.el (source)...
Loading /etc/emacs/site-start.d/50html-helper-mode.el (source)...
Loading /etc/emacs/site-start.d/50lua-mode.el (source)...
Loading lua-mode...
Loading /etc/emacs-snapshot/site-start.d/50mailcrypt.el (source)...
Loading /etc/emacs/site-start.d/50midge.el (source)...
Loading /etc/emacs/site-start.d/50muse-el.el (source)...
Loading /usr/share/emacs-snapshot/site-lisp/muse-el/muse-autoloads.el (source)...
Loading /etc/emacs/site-start.d/50php-elisp.el (source)...
Loading /etc/emacs-snapshot/site-start.d/50psgml-init.el (source)...
Loading /etc/emacs/site-start.d/50pymacs.el (source)...
Loading /etc/emacs/site-start.d/50python-mode.el (source)...
Loading /etc/emacs-snapshot/site-start.d/50tdtd.el (source)...
Loading /etc/emacs/site-start.d/50xtla.el (source)...
Loading /etc/emacs/site-start.d/51debian-el.el (source)...
Loading /etc/emacs/site-start.d/51planner-el.el (source)...
Loading /usr/share/emacs-snapshot/site-lisp/planner-el/planner-autoloads.el (source)...
Loading /etc/emacs/site-start.d/52remember-el.el (source)...
Loading /usr/share/emacs/site-lisp/remember-el/remember-autoloads.el (source)...
Wrote /home/salve/+wd/debian/+auctex/auctex/conftest-22120
=> yes
configure:1784: result: yes
configure:1873: checking where lisp files go
/usr/bin/emacs-snapshot -batch -eval (let* ((prefix(pop command-line-args-left)) (expanded(pop command-line-args-left)) (x (catch 22
       (let (reldir (dirs load-path))
	  (dolist (name (list "emacs/site-lisp" "emacs/site-packages"
	         "site-lisp" "site-packages") "NONE")
	    (dolist (dir dirs)
	      (when (and dir
	      	         (setq dir (directory-file-name dir))
                         (file-name-absolute-p dir)
	      	         (file-directory-p dir)
	                 (not (string-match "\\`\\.\\."
                           (setq reldir (file-relative-name dir expanded))))
			 (not (file-name-absolute-p reldir))
                         (let ((name name) (dir dir))
		           (while (and dir name
		                       (string= (file-name-nondirectory dir)
		                                (file-name-nondirectory name))
                              (setq dir (file-name-directory dir)
				   name (file-name-directory name))
			      (if (and dir name)
			         (setq dir (directory-file-name dir)
			              name (directory-file-name name)))))
		            (null name))
		   (throw 22
                      (if (string= reldir ".") (directory-file-name prefix)
                        (concat (file-name-as-directory prefix)
                                reldir))))))))))) (write-region (if (stringp x) x (prin1-to-string x)) nil "./conftest-22120")) ${datadir}/emacs /usr//share/emacs
Loading 00debian-vars...
Loading /etc/emacs-snapshot/site-start.d/20gnus-init.el (source)...
Loading /etc/emacs/site-start.d/50a2ps.el (source)...
Loading a2ps-print...
Loading /etc/emacs-snapshot/site-start.d/50auctex.el (source)...
Loading /usr/share/emacs/22.0.93/site-lisp/auctex.el (source)...
Loading /usr/share/emacs/22.0.93/site-lisp/preview-latex.el (source)...
Loading /etc/emacs/site-start.d/50bbdb.el (source)...
Loading /etc/emacs/site-start.d/50css-mode.el (source)...
Loading /etc/emacs/site-start.d/50dictionaries-common.el (source)...
Skipping dictionaries-common setup for emacs-snapshot
Loading /etc/emacs/site-start.d/50dictionary-el.el (source)...
Loading dictionary-init...
Loading /etc/emacs/site-start.d/50dpkg-dev-el.el (source)...
Loading /etc/emacs/site-start.d/50emacs-goodies-el.el (source)...
Loading /etc/emacs/site-start.d/50emacs-intl-fonts.el (source)...
Loading /etc/emacs/site-start.d/50emacs-wiki.el (source)...
Loading /etc/emacs/site-start.d/50emms.el (source)...
Loading /etc/emacs/site-start.d/50festival.el (source)...
Loading /etc/emacs/site-start.d/50gettext.el (source)...
Loading /etc/emacs/site-start.d/50gnuplot-mode.el (source)...
Loading /etc/emacs/site-start.d/50html-helper-mode.el (source)...
Loading /etc/emacs/site-start.d/50lua-mode.el (source)...
Loading lua-mode...
Loading /etc/emacs-snapshot/site-start.d/50mailcrypt.el (source)...
Loading /etc/emacs/site-start.d/50midge.el (source)...
Loading /etc/emacs/site-start.d/50muse-el.el (source)...
Loading /usr/share/emacs-snapshot/site-lisp/muse-el/muse-autoloads.el (source)...
Loading /etc/emacs/site-start.d/50php-elisp.el (source)...
Loading /etc/emacs-snapshot/site-start.d/50psgml-init.el (source)...
Loading /etc/emacs/site-start.d/50pymacs.el (source)...
Loading /etc/emacs/site-start.d/50python-mode.el (source)...
Loading /etc/emacs-snapshot/site-start.d/50tdtd.el (source)...
Loading /etc/emacs/site-start.d/50xtla.el (source)...
Loading /etc/emacs/site-start.d/51debian-el.el (source)...
Loading /etc/emacs/site-start.d/51planner-el.el (source)...
Loading /usr/share/emacs-snapshot/site-lisp/planner-el/planner-autoloads.el (source)...
Loading /etc/emacs/site-start.d/52remember-el.el (source)...
Loading /usr/share/emacs/site-lisp/remember-el/remember-autoloads.el (source)...
Wrote /home/salve/+wd/debian/+auctex/auctex/conftest-22120
=> ${datadir}/emacs/site-lisp
configure:1948: result: ${datadir}/emacs/site-lisp
configure:1952: checking what file to use for auctex startup
configure:1979: result: ${datadir}/emacs/site-lisp/auctex.el
configure:1997: checking where the package lisp files go
/usr/bin/emacs-snapshot -batch -no-site-file -eval (let* ((path(pop command-line-args-left)) (lispdir(pop command-line-args-left)) (startup(pop command-line-args-left)) (target(pop command-line-args-left))(x (progn (setq path (directory-file-name path))
  (if (or target
          (not (string= (car load-path) (directory-file-name (car load-path)))))
    (setq path (file-name-as-directory path)))
  (setq path (expand-file-name path lispdir))
  (setq startupdir (file-name-directory (expand-file-name startup lispdir)))
  (prin1-to-string
    (if (or (string-match "\\`\\.\\."
              (setq relname (file-relative-name startupdir lispdir)))
            (file-name-absolute-p relname)
	    (string-match "\\`\\.\\."
              (setq relname (file-relative-name path lispdir)))
 	    (file-name-absolute-p relname))
	  (concat path target)
	(cond (target
	       `(expand-file-name
                   ,(file-relative-name (concat path target) startupdir)
	           (file-name-directory load-file-name)))
              ((string= path startupdir)
	         '(file-name-directory load-file-name))
	      ((string= path (directory-file-name startupdir))
                 '(directory-file-name (file-name-directory load-file-name)))
              (t
	       `(expand-file-name
                   ,(file-relative-name path startupdir)
	           (file-name-directory load-file-name))))))))) (write-region (if (stringp x) x (prin1-to-string x)) nil "./conftest-22120")) /usr//share/emacs/site-lisp/auctex /usr//share/emacs/site-lisp /usr//share/emacs/site-lisp/tex-site.el
Wrote /home/salve/+wd/debian/+auctex/auctex/conftest-22120
=> (expand-file-name "auctex" (file-name-directory load-file-name))
configure:2078: result: ${datadir}/emacs/site-lisp/auctex
configure:2081: checking where the data files go
/usr/bin/emacs-snapshot -batch -no-site-file -eval (let* ((path(pop command-line-args-left)) (lispdir(pop command-line-args-left)) (startup(pop command-line-args-left)) (target(pop command-line-args-left))(x (progn (setq path (directory-file-name path))
  (if (or target
          (not (string= (car load-path) (directory-file-name (car load-path)))))
    (setq path (file-name-as-directory path)))
  (setq path (expand-file-name path lispdir))
  (setq startupdir (file-name-directory (expand-file-name startup lispdir)))
  (prin1-to-string
    (if (or (string-match "\\`\\.\\."
              (setq relname (file-relative-name startupdir lispdir)))
            (file-name-absolute-p relname)
	    (string-match "\\`\\.\\."
              (setq relname (file-relative-name path lispdir)))
 	    (file-name-absolute-p relname))
	  (concat path target)
	(cond (target
	       `(expand-file-name
                   ,(file-relative-name (concat path target) startupdir)
	           (file-name-directory load-file-name)))
              ((string= path startupdir)
	         '(file-name-directory load-file-name))
	      ((string= path (directory-file-name startupdir))
                 '(directory-file-name (file-name-directory load-file-name)))
              (t
	       `(expand-file-name
                   ,(file-relative-name path startupdir)
	           (file-name-directory load-file-name))))))))) (write-region (if (stringp x) x (prin1-to-string x)) nil "./conftest-22120")) /usr//share/emacs/site-lisp/auctex /usr//share/emacs/site-lisp /usr//share/emacs/site-lisp/tex-site.el
Wrote /home/salve/+wd/debian/+auctex/auctex/conftest-22120
=> (expand-file-name "auctex" (file-name-directory load-file-name))
configure:2162: result: ${datadir}/emacs/site-lisp/auctex
/usr/bin/emacs-snapshot -batch -no-site-file -eval (let* ((path(pop command-line-args-left)) (lispdir(pop command-line-args-left)) (startup(pop command-line-args-left)) (target(pop command-line-args-left))(x (progn (setq path (directory-file-name path))
  (if (or target
          (not (string= (car load-path) (directory-file-name (car load-path)))))
    (setq path (file-name-as-directory path)))
  (setq path (expand-file-name path lispdir))
  (setq startupdir (file-name-directory (expand-file-name startup lispdir)))
  (prin1-to-string
    (if (or (string-match "\\`\\.\\."
              (setq relname (file-relative-name startupdir lispdir)))
            (file-name-absolute-p relname)
	    (string-match "\\`\\.\\."
              (setq relname (file-relative-name path lispdir)))
 	    (file-name-absolute-p relname))
	  (concat path target)
	(cond (target
	       `(expand-file-name
                   ,(file-relative-name (concat path target) startupdir)
	           (file-name-directory load-file-name)))
              ((string= path startupdir)
	         '(file-name-directory load-file-name))
	      ((string= path (directory-file-name startupdir))
                 '(directory-file-name (file-name-directory load-file-name)))
              (t
	       `(expand-file-name
                   ,(file-relative-name path startupdir)
	           (file-name-directory load-file-name))))))))) (write-region (if (stringp x) x (prin1-to-string x)) nil "./conftest-22120"))  /usr//share/emacs/site-lisp /usr//share/emacs/site-lisp/auctex.el tex-site.el
Wrote /home/salve/+wd/debian/+auctex/auctex/conftest-22120
=> (expand-file-name "tex-site.el" (file-name-directory load-file-name))
configure:2239: checking where the info files go
configure:2241: result: /usr/share/info/
configure:2252: checking where automatically generated global style hooks go
configure:2262: result: ${localstatedir}/auctex
/usr/bin/emacs-snapshot -batch -no-site-file -eval (let* ((path(pop command-line-args-left)) (lispdir(pop command-line-args-left)) (startup(pop command-line-args-left)) (target(pop command-line-args-left))(x (progn (setq path (directory-file-name path))
  (if (or target
          (not (string= (car load-path) (directory-file-name (car load-path)))))
    (setq path (file-name-as-directory path)))
  (setq path (expand-file-name path lispdir))
  (setq startupdir (file-name-directory (expand-file-name startup lispdir)))
  (prin1-to-string
    (if (or (string-match "\\`\\.\\."
              (setq relname (file-relative-name startupdir lispdir)))
            (file-name-absolute-p relname)
	    (string-match "\\`\\.\\."
              (setq relname (file-relative-name path lispdir)))
 	    (file-name-absolute-p relname))
	  (concat path target)
	(cond (target
	       `(expand-file-name
                   ,(file-relative-name (concat path target) startupdir)
	           (file-name-directory load-file-name)))
              ((string= path startupdir)
	         '(file-name-directory load-file-name))
	      ((string= path (directory-file-name startupdir))
                 '(directory-file-name (file-name-directory load-file-name)))
              (t
	       `(expand-file-name
                   ,(file-relative-name path startupdir)
	           (file-name-directory load-file-name))))))))) (write-region (if (stringp x) x (prin1-to-string x)) nil "./conftest-22120")) /usr//var/auctex /usr//share/emacs/site-lisp /usr//share/emacs/site-lisp/tex-site.el
Wrote /home/salve/+wd/debian/+auctex/auctex/conftest-22120
=> "/usr/var/auctex"
configure:2342: checking for tex
configure:2360: found /usr/bin/tex
configure:2373: result: /usr/bin/tex
configure:2382: checking for pdftex
configure:2400: found /usr/bin/pdftex
configure:2413: result: /usr/bin/pdftex
configure:2422: checking for dvips
configure:2440: found /usr/bin/dvips
configure:2453: result: /usr/bin/dvips
configure:2467: checking for perl
configure:2485: found /usr/bin/perl
configure:2498: result: /usr/bin/perl
configure:2511: checking for makeinfo
configure:2529: found /usr/bin/makeinfo
configure:2542: result: /usr/bin/makeinfo
configure:2551: checking for texi2html
configure:2569: found /usr/bin/texi2html
configure:2582: result: /usr/bin/texi2html
configure:2591: checking for texi2dvi
configure:2609: found /usr/bin/texi2dvi
configure:2622: result: /usr/bin/texi2dvi
configure:2631: checking for texi2pdf
configure:2649: found /usr/bin/texi2pdf
configure:2662: result: /usr/bin/texi2pdf
configure:2676: checking for install-info
configure:2694: found /usr/sbin/install-info
configure:2707: result: /usr/sbin/install-info
configure:2956: creating ./config.status

## ---------------- ##
## Cache variables. ##
## ---------------- ##

ac_cv_env_INSTALL_INFO_set=
ac_cv_env_INSTALL_INFO_value=
ac_cv_env_MAKEINFO_set=
ac_cv_env_MAKEINFO_value=
ac_cv_env_PERL_set=
ac_cv_env_PERL_value=
ac_cv_env_build_alias_set=
ac_cv_env_build_alias_value=
ac_cv_env_host_alias_set=
ac_cv_env_host_alias_value=
ac_cv_env_target_alias_set=
ac_cv_env_target_alias_value=
ac_cv_path_DVIPS=/usr/bin/dvips
ac_cv_path_EMACS=/usr/bin/emacs-snapshot
ac_cv_path_INSTALL_INFO=/usr/sbin/install-info
ac_cv_path_MAKEINFO=/usr/bin/makeinfo
ac_cv_path_PDFTEX=/usr/bin/pdftex
ac_cv_path_PERL=/usr/bin/perl
ac_cv_path_TEX=/usr/bin/tex
ac_cv_path_TEXI2DVI=/usr/bin/texi2dvi
ac_cv_path_TEXI2HTML=/usr/bin/texi2html
ac_cv_path_TEXI2PDF=/usr/bin/texi2pdf
ac_cv_path_install='/usr/bin/install -c'
ac_cv_prog_MAKECMD=make
ac_cv_prog_make_make_set=yes

## ----------------- ##
## Output variables. ##
## ----------------- ##

AUCTEXDATE='2006-06-07'
AUCTEXVERSION='11.83'
DEFS='-DPACKAGE_NAME=\"auctex\" -DPACKAGE_TARNAME=\"auctex\" -DPACKAGE_VERSION=\"11.83\" -DPACKAGE_STRING=\"auctex\ 11.83\" -DPACKAGE_BUGREPORT=\"bug-auctex@gnu.org\" '
DVIPS='/usr/bin/dvips'
ECHO_C=''
ECHO_N='-n'
ECHO_T=''
EMACS='/usr/bin/emacs-snapshot'
EMACS_FLAVOR='emacs'
HAVE_mule='yes'
INSTALL_DATA='${INSTALL} -m 644'
INSTALL_INFO='/usr/sbin/install-info'
INSTALL_PROGRAM='${INSTALL}'
INSTALL_SCRIPT='${INSTALL}'
LIBOBJS=''
LIBS=''
LTLIBOBJS=''
MAKECMD='make'
MAKEINFO='/usr/bin/makeinfo'
MULEELC='tex-jp.elc'
MULESRC='tex-jp.el'
PACKAGE_BUGREPORT='bug-auctex@gnu.org'
PACKAGE_NAME='auctex'
PACKAGE_STRING='auctex 11.83'
PACKAGE_TARNAME='auctex'
PACKAGE_VERSION='11.83'
PATH_SEPARATOR=':'
PDFTEX='/usr/bin/pdftex'
PERL='/usr/bin/perl'
SET_MAKE=''
SHELL='/bin/sh'
TEX='/usr/bin/tex'
TEXI2DVI='/usr/bin/texi2dvi'
TEXI2HTML='/usr/bin/texi2html'
TEXI2PDF='/usr/bin/texi2pdf'
XEMACS='no'
auctexstartfile='${datadir}/emacs/site-lisp/auctex.el'
autodir='${localstatedir}/auctex'
bindir='${exec_prefix}/bin'
build_alias=''
datadir='${prefix}/share'
exec_prefix='${prefix}'
host_alias=''
includedir='${prefix}/include'
infodir='/usr/share/info/'
libdir='${exec_prefix}/lib'
libexecdir='${exec_prefix}/libexec'
lispautodir='"/usr/var/auctex"'
lispdir='${datadir}/emacs/site-lisp'
lisppackagedatadir='(expand-file-name "auctex" (file-name-directory load-file-name))'
lisppackagelispdir='(expand-file-name "auctex" (file-name-directory load-file-name))'
lisptexsite='(expand-file-name "tex-site.el" (file-name-directory load-file-name))'
localstatedir='${prefix}/var'
mandir='${prefix}/man'
oldincludedir='/usr/include'
packagedatadir='${datadir}/emacs/site-lisp/auctex'
packagedir='no'
packagelispdir='${datadir}/emacs/site-lisp/auctex'
prefix='/usr/'
preview_enabled='yes'
program_transform_name='s,x,x,'
sbindir='${exec_prefix}/sbin'
sharedstatedir='${prefix}/com'
subdirs=' preview'
sysconfdir='${prefix}/etc'
target_alias=''
texsite=''

## ----------- ##
## confdefs.h. ##
## ----------- ##

#define PACKAGE_BUGREPORT "bug-auctex@gnu.org"
#define PACKAGE_NAME "auctex"
#define PACKAGE_STRING "auctex 11.83"
#define PACKAGE_TARNAME "auctex"
#define PACKAGE_VERSION "11.83"

configure: exit 0

## ---------------------- ##
## Running config.status. ##
## ---------------------- ##

This file was extended by auctex config.status 11.83, which was
generated by GNU Autoconf 2.59.  Invocation command line was

  CONFIG_FILES    = 
  CONFIG_HEADERS  = 
  CONFIG_LINKS    = 
  CONFIG_COMMANDS = 
  $ ./config.status 

on dino

config.status:667: creating Makefile
