This file contains any messages produced by compilers while
running configure, to aid debugging if configure makes a mistake.

It was created by preview-latex configure 11.83, which was
generated by GNU Autoconf 2.59.  Invocation command line was

  $ ./configure --prefix=/usr/ --infodir=/usr/share/info/ --with-emacs=emacs-snapshot --cache-file=/dev/null --srcdir=. --no-create --no-recursion

## --------- ##
## Platform. ##
## --------- ##

hostname = dino
uname -m = i686
uname -r = 2.6.17-dgms
uname -s = Linux
uname -v = #1 SMP Fri Sep 8 18:23:27 CEST 2006

/usr/bin/uname -p = unknown
/bin/uname -X     = unknown

/bin/arch              = i686
/usr/bin/arch -k       = unknown
/usr/convex/getsysinfo = unknown
hostinfo               = unknown
/bin/machine           = unknown
/usr/bin/oslevel       = unknown
/bin/universe          = unknown

PATH: /home/salve/bin
PATH: /usr/local/bin
PATH: /usr/bin
PATH: /bin
PATH: /usr/bin/X11
PATH: /usr/games


## ----------- ##
## Core tests. ##
## ----------- ##

configure:1276: checking whether make sets $(MAKE)
configure:1296: result: yes
configure:1343: checking for a BSD-compatible install
configure:1398: result: /usr/bin/install -c
configure:1465: checking for emacs-snapshot
configure:1483: found /usr/bin/emacs-snapshot
configure:1495: result: /usr/bin/emacs-snapshot
configure:1512: checking if /usr/bin/emacs-snapshot is XEmacs
/usr/bin/emacs-snapshot -batch -no-site-file -eval (let* ((x (if (featurep (quote xemacs)) "yes" "no"))) (write-region (if (stringp x) x (prin1-to-string x)) nil "./conftest-18452"))
Wrote /home/salve/+wd/debian/+auctex/auctex/preview/conftest-18452
=> no
configure:1534: result: no
configure:1538: checking for Emacs prefix
/usr/bin/emacs-snapshot -batch -no-site-file -eval (let* ((cmd(pop command-line-args-left))(x (condition-case nil (let*
    ((prefix (directory-file-name (file-name-directory (executable-find cmd))))
     (parent (directory-file-name (file-name-directory prefix))))
    (if (string= (file-name-nondirectory prefix) "bin")
        (setq prefix parent)
      (if (string= (file-name-nondirectory parent) "bin")
         (setq prefix (directory-file-name (file-name-directory parent)))))
    prefix) (error NONE)))) (write-region (if (stringp x) x (prin1-to-string x)) nil "./conftest-18452")) /usr/bin/emacs-snapshot
Wrote /home/salve/+wd/debian/+auctex/auctex/preview/conftest-18452
=> /usr
configure:1557: result: "/usr"
configure:1589: checking if Emacs is recent enough
/usr/bin/emacs-snapshot -batch -no-site-file -eval (let* ((x (cond ((< emacs-major-version 21) "no")
			 ((> emacs-major-version 21) "yes")
			 ((< emacs-minor-version 01) "no")
			 (t "yes")))) (write-region (if (stringp x) x (prin1-to-string x)) nil "./conftest-18452"))
Wrote /home/salve/+wd/debian/+auctex/auctex/preview/conftest-18452
=> yes
configure:1603: result: yes
configure:1646: checking if build directory is valid
/usr/bin/emacs-snapshot -batch -eval (let* ((x (if (or (member (directory-file-name default-directory) load-path)	      (member (file-name-as-directory default-directory) load-path))	 "no" "yes"))) (write-region (if (stringp x) x (prin1-to-string x)) nil "./conftest-18452"))
Loading 00debian-vars...
Loading /etc/emacs-snapshot/site-start.d/20gnus-init.el (source)...
Loading /etc/emacs/site-start.d/50a2ps.el (source)...
Loading a2ps-print...
Loading /etc/emacs-snapshot/site-start.d/50auctex.el (source)...
Loading /usr/share/emacs/22.0.93/site-lisp/auctex.el (source)...
Loading /usr/share/emacs/22.0.93/site-lisp/preview-latex.el (source)...
Loading /etc/emacs/site-start.d/50bbdb.el (source)...
Loading /etc/emacs/site-start.d/50css-mode.el (source)...
Loading /etc/emacs/site-start.d/50dictionaries-common.el (source)...
Skipping dictionaries-common setup for emacs-snapshot
Loading /etc/emacs/site-start.d/50dictionary-el.el (source)...
Loading dictionary-init...
Loading /etc/emacs/site-start.d/50dpkg-dev-el.el (source)...
Loading /etc/emacs/site-start.d/50emacs-goodies-el.el (source)...
Loading /etc/emacs/site-start.d/50emacs-intl-fonts.el (source)...
Loading /etc/emacs/site-start.d/50emacs-wiki.el (source)...
Loading /etc/emacs/site-start.d/50emms.el (source)...
Loading /etc/emacs/site-start.d/50festival.el (source)...
Loading /etc/emacs/site-start.d/50gettext.el (source)...
Loading /etc/emacs/site-start.d/50gnuplot-mode.el (source)...
Loading /etc/emacs/site-start.d/50html-helper-mode.el (source)...
Loading /etc/emacs/site-start.d/50lua-mode.el (source)...
Loading lua-mode...
Loading /etc/emacs-snapshot/site-start.d/50mailcrypt.el (source)...
Loading /etc/emacs/site-start.d/50midge.el (source)...
Loading /etc/emacs/site-start.d/50muse-el.el (source)...
Loading /usr/share/emacs-snapshot/site-lisp/muse-el/muse-autoloads.el (source)...
Loading /etc/emacs/site-start.d/50php-elisp.el (source)...
Loading /etc/emacs-snapshot/site-start.d/50psgml-init.el (source)...
Loading /etc/emacs/site-start.d/50pymacs.el (source)...
Loading /etc/emacs/site-start.d/50python-mode.el (source)...
Loading /etc/emacs-snapshot/site-start.d/50tdtd.el (source)...
Loading /etc/emacs/site-start.d/50xtla.el (source)...
Loading /etc/emacs/site-start.d/51debian-el.el (source)...
Loading /etc/emacs/site-start.d/51planner-el.el (source)...
Loading /usr/share/emacs-snapshot/site-lisp/planner-el/planner-autoloads.el (source)...
Loading /etc/emacs/site-start.d/52remember-el.el (source)...
Loading /usr/share/emacs/site-lisp/remember-el/remember-autoloads.el (source)...
Wrote /home/salve/+wd/debian/+auctex/auctex/preview/conftest-18452
=> yes
configure:1664: result: yes
configure:1755: checking where lisp files go
/usr/bin/emacs-snapshot -batch -eval (let* ((prefix(pop command-line-args-left)) (expanded(pop command-line-args-left)) (x (catch 22
       (let (reldir (dirs load-path))
	  (dolist (name (list "emacs/site-lisp" "emacs/site-packages"
	         "site-lisp" "site-packages") "NONE")
	    (dolist (dir dirs)
	      (when (and dir
	      	         (setq dir (directory-file-name dir))
                         (file-name-absolute-p dir)
	      	         (file-directory-p dir)
	                 (not (string-match "\\`\\.\\."
                           (setq reldir (file-relative-name dir expanded))))
			 (not (file-name-absolute-p reldir))
                         (let ((name name) (dir dir))
		           (while (and dir name
		                       (string= (file-name-nondirectory dir)
		                                (file-name-nondirectory name))
                              (setq dir (file-name-directory dir)
				   name (file-name-directory name))
			      (if (and dir name)
			         (setq dir (directory-file-name dir)
			              name (directory-file-name name)))))
		            (null name))
		   (throw 22
                      (if (string= reldir ".") (directory-file-name prefix)
                        (concat (file-name-as-directory prefix)
                                reldir))))))))))) (write-region (if (stringp x) x (prin1-to-string x)) nil "./conftest-18452")) ${datadir}/emacs /usr//share/emacs

## ---------------- ##
## Cache variables. ##
## ---------------- ##

ac_cv_env_GS_set=
ac_cv_env_GS_value=
ac_cv_env_TEXHASH_set=
ac_cv_env_TEXHASH_value=
ac_cv_env_build_alias_set=
ac_cv_env_build_alias_value=
ac_cv_env_host_alias_set=
ac_cv_env_host_alias_value=
ac_cv_env_target_alias_set=
ac_cv_env_target_alias_value=
ac_cv_path_EMACS=/usr/bin/emacs-snapshot
ac_cv_path_install='/usr/bin/install -c'
ac_cv_prog_make_make_set=yes

## ----------------- ##
## Output variables. ##
## ----------------- ##

DEFS=''
ECHO_C=''
ECHO_N='-n'
ECHO_T=''
EMACS='/usr/bin/emacs-snapshot'
EMACS_FLAVOR='emacs'
GS=''
INSTALL_DATA='${INSTALL} -m 644'
INSTALL_PROGRAM='${INSTALL}'
INSTALL_SCRIPT='${INSTALL}'
LATEX=''
LIBOBJS=''
LIBS=''
LTLIBOBJS=''
PACKAGE_BUGREPORT='bug-auctex@gnu.org'
PACKAGE_NAME='preview-latex'
PACKAGE_STRING='preview-latex 11.83'
PACKAGE_TARNAME='preview-latex'
PACKAGE_VERSION='11.83'
PATH_SEPARATOR=':'
PDFLATEX=''
PLAT_LISP='prv-emacs.el'
SET_MAKE=''
SHELL='/bin/sh'
TEX=''
TEXHASH=''
TEXMFGEN=''
XEMACS='no'
auctexdir=''
bindir='${exec_prefix}/bin'
build_alias=''
datadir='${prefix}/share'
exec_prefix='NONE'
host_alias=''
includedir='${prefix}/include'
infodir='/usr/share/info/'
libdir='${exec_prefix}/lib'
libexecdir='${exec_prefix}/libexec'
lispGS=''
lispdir=''
lisppackagedatadir=''
lisppackagelispdir=''
lisppackagetexstyles=''
localstatedir='${prefix}/var'
mandir='${prefix}/man'
oldincludedir='/usr/include'
packagedatadir=''
packagedir='no'
packagelispdir=''
packagetexstyles=''
prefix='/usr/'
previewdocdir=''
previewstartfile=''
previewtexmfdir=''
program_transform_name='s,x,x,'
sbindir='${exec_prefix}/sbin'
sharedstatedir='${prefix}/com'
sysconfdir='${prefix}/etc'
target_alias=''
texmfdir=''

## ----------- ##
## confdefs.h. ##
## ----------- ##

#define PACKAGE_BUGREPORT "bug-auctex@gnu.org"
#define PACKAGE_NAME "preview-latex"
#define PACKAGE_STRING "preview-latex 11.83"
#define PACKAGE_TARNAME "preview-latex"
#define PACKAGE_VERSION "11.83"

configure: caught signal 2
configure: exit 1
